gradle-build/app/outputs/logs/manifest-merger-debug-report.txt
-- Merging decision tree log ---
manifest
ADDED from src/main/AndroidManifest.xml:2:1-58:12
INJECTED from src/main/AndroidManifest.xml:2:1-58:12
INJECTED from src/main/AndroidManifest.xml:2:1-58:12
INJECTED from src/main/AndroidManifest.xml:2:1-58:12
MERGED from [:AliyunPusher:pusher_demo] AndroidManifest.xml:2:1-117:12
MERGED from [:Aliyunplayer:player_demo] AndroidManifest.xml:2:1-41:12
MERGED from [AliyunVodPlayer-3.4.6.aar] AndroidManifest.xml:2:1-14:12
MERGED from [:AliyunRecorder:record_demo] AndroidManifest.xml:2:1-72:12
MERGED from [:AliyunEditor:editor_demo] AndroidManifest.xml:2:1-105:12
MERGED from [:AliyunImport:import_demo] AndroidManifest.xml:2:1-32:12
MERGED from [:AliyunCrop:crop_demo] AndroidManifest.xml:2:1-48:12
MERGED from [:AliyunFileDownLoader:downloadermanager] AndroidManifest.xml:2:1-25:12
MERGED from [:AliyunView] AndroidManifest.xml:2:1-16:12
MERGED from [:AliyunHelp] AndroidManifest.xml:2:1-29:12
MERGED from [:AliyunResample] AndroidManifest.xml:2:1-17:12
MERGED from [:AliyunVodUpload] AndroidManifest.xml:2:1-53:12
MERGED from [:Alivclive] AndroidManifest.xml:2:1-72:12
MERGED from [hipraiseanimationlib.aar] AndroidManifest.xml:2:1-17:12
MERGED from [interactive-liveroom-1.0.0.aar] AndroidManifest.xml:2:1-12:12
MERGED from [com.android.support:multidex:1.0.2] AndroidManifest.xml:17:1-22:12
MERGED from [:AliyunPusher:pusher_core] AndroidManifest.xml:2:1-11:12
MERGED from [live-face-beauty-3.3.5.aar] AndroidManifest.xml:2:1-11:12
MERGED from [live-pusher-3.3.5.aar] AndroidManifest.xml:2:1-19:12
MERGED from [:zxing] AndroidManifest.xml:2:1-27:12
MERGED from [pub.devrel:easypermissions:0.2.1] AndroidManifest.xml:2:1-14:12
MERGED from [com.android.support:design:24.2.1] AndroidManifest.xml:17:1-24:12
MERGED from [com.android.support:appcompat-v7:26.1.0] AndroidManifest.xml:17:1-31:12
MERGED from [com.android.support:support-v13:23.4.0] AndroidManifest.xml:17:1-24:12
MERGED from [com.android.support:support-v4:26.1.0] AndroidManifest.xml:17:1-31:12
MERGED from [com.android.support:recyclerview-v7:26.1.0] AndroidManifest.xml:17:1-28:12
MERGED from [com.aliyun.dpa:oss-android-sdk:2.4.5] AndroidManifest.xml:2:1-22:12
MERGED from [com.squareup.leakcanary:leakcanary-android:1.5] AndroidManifest.xml:17:1-59:12
MERGED from [:Aliyunplayer:AlivcReporter] AndroidManifest.xml:2:1-17:12
MERGED from [:Aliyunplayer:AlivcPlayer] AndroidManifest.xml:2:1-14:12
MERGED from [com.aiyaapp.aavt:aavt:v4.0.8] AndroidManifest.xml:2:1-17:12
MERGED from [com.aiyaapp.aiya:AyCore:v4.0.8] AndroidManifest.xml:2:1-17:12
MERGED from [com.aiyaapp.aiya:AyEffect:v4.0.8] AndroidManifest.xml:2:1-17:12
MERGED from [com.aiyaapp.aiya:AyBeauty:v4.0.8] AndroidManifest.xml:2:1-11:12
MERGED from [com.aiyaapp.aiya:AyFaceTrack:v4.0.8] AndroidManifest.xml:2:1-17:12
MERGED from [com.aiyaapp.aiya:AyShortVideoEffect:v4.0.8] AndroidManifest.xml:2:1-17:12
MERGED from [:AliyunVideoSdk] AndroidManifest.xml:2:1-18:12
MERGED from [com.github.bumptech.glide:okhttp3-integration:1.4.0] AndroidManifest.xml:2:1-17:12
MERGED from [com.liulishuo.filedownloader:library:1.4.1] AndroidManifest.xml:2:1-18:12
MERGED from [com.android.support:animated-vector-drawable:26.1.0] AndroidManifest.xml:17:1-28:12
MERGED from [com.android.support:support-vector-drawable:26.1.0] AndroidManifest.xml:17:1-28:12
MERGED from [com.android.support:support-fragment:26.1.0] AndroidManifest.xml:17:1-31:12
MERGED from [com.android.support:support-core-ui:26.1.0] AndroidManifest.xml:17:1-31:12
MERGED from [com.android.support:support-media-compat:26.1.0] AndroidManifest.xml:17:1-31:12
MERGED from [com.android.support:support-core-utils:26.1.0] AndroidManifest.xml:17:1-31:12
MERGED from [com.android.support:support-compat:26.1.0] AndroidManifest.xml:17:1-31:12
MERGED from [android.arch.lifecycle:runtime:1.0.0] AndroidManifest.xml:17:1-30:12
INJECTED from src/main/AndroidManifest.xml:2:1-58:12
INJECTED from src/main/AndroidManifest.xml:2:1-58:12
INJECTED from src/main/AndroidManifest.xml:2:1-58:12
	package
		ADDED from src/main/AndroidManifest.xml:3:5-39
		INJECTED from src/main/AndroidManifest.xml
		INJECTED from src/main/AndroidManifest.xml
	android:versionName
		INJECTED from src/main/AndroidManifest.xml
		ADDED from src/main/AndroidManifest.xml:2:1-58:12
		INJECTED from src/main/AndroidManifest.xml
	android:versionCode
		INJECTED from src/main/AndroidManifest.xml
		ADDED from src/main/AndroidManifest.xml:2:1-58:12
		INJECTED from src/main/AndroidManifest.xml
	xmlns:android
		ADDED from src/main/AndroidManifest.xml:2:11-69
uses-permission#android.permission.INTERNET
ADDED from src/main/AndroidManifest.xml:5:5-66
MERGED from [:AliyunPusher:pusher_demo] AndroidManifest.xml:12:5-67
MERGED from [:AliyunPusher:pusher_demo] AndroidManifest.xml:12:5-67
MERGED from [:Aliyunplayer:player_demo] AndroidManifest.xml:13:5-67
MERGED from [:Aliyunplayer:player_demo] AndroidManifest.xml:13:5-67
MERGED from [:AliyunRecorder:record_demo] AndroidManifest.xml:20:5-67
MERGED from [:AliyunRecorder:record_demo] AndroidManifest.xml:20:5-67
MERGED from [:AliyunEditor:editor_demo] AndroidManifest.xml:11:5-67
MERGED from [:AliyunEditor:editor_demo] AndroidManifest.xml:11:5-67
MERGED from [:AliyunFileDownLoader:downloadermanager] AndroidManifest.xml:11:5-67
MERGED from [:AliyunFileDownLoader:downloadermanager] AndroidManifest.xml:11:5-67
MERGED from [:AliyunVodUpload] AndroidManifest.xml:11:5-67
MERGED from [:AliyunVodUpload] AndroidManifest.xml:11:5-67
MERGED from [:Alivclive] AndroidManifest.xml:11:5-67
MERGED from [:Alivclive] AndroidManifest.xml:11:5-67
MERGED from [:zxing] AndroidManifest.xml:11:5-67
MERGED from [:zxing] AndroidManifest.xml:11:5-67
MERGED from [com.aliyun.dpa:oss-android-sdk:2.4.5] AndroidManifest.xml:11:5-67
MERGED from [com.aliyun.dpa:oss-android-sdk:2.4.5] AndroidManifest.xml:11:5-67
MERGED from [:Aliyunplayer:AlivcReporter] AndroidManifest.xml:12:5-67
MERGED from [:Aliyunplayer:AlivcReporter] AndroidManifest.xml:12:5-67
	android:name
		ADDED from src/main/AndroidManifest.xml:5:22-64
uses-permission#android.permission.VIBRATE
ADDED from src/main/AndroidManifest.xml:6:5-65
MERGED from [:AliyunPusher:pusher_demo] AndroidManifest.xml:13:5-66
MERGED from [:AliyunPusher:pusher_demo] AndroidManifest.xml:13:5-66
MERGED from [:Alivclive] AndroidManifest.xml:12:5-66
MERGED from [:Alivclive] AndroidManifest.xml:12:5-66
MERGED from [:zxing] AndroidManifest.xml:12:5-66
MERGED from [:zxing] AndroidManifest.xml:12:5-66
	android:name
		ADDED from src/main/AndroidManifest.xml:6:22-63
uses-permission#android.permission.RECORD_AUDIO
ADDED from src/main/AndroidManifest.xml:7:5-70
MERGED from [:AliyunPusher:pusher_demo] AndroidManifest.xml:14:5-71
MERGED from [:AliyunPusher:pusher_demo] AndroidManifest.xml:14:5-71
MERGED from [:AliyunRecorder:record_demo] AndroidManifest.xml:14:5-71
MERGED from [:AliyunRecorder:record_demo] AndroidManifest.xml:14:5-71
MERGED from [:Alivclive] AndroidManifest.xml:13:5-71
MERGED from [:Alivclive] AndroidManifest.xml:13:5-71
MERGED from [live-pusher-3.3.5.aar] AndroidManifest.xml:16:5-71
MERGED from [live-pusher-3.3.5.aar] AndroidManifest.xml:16:5-71
	android:name
		ADDED from src/main/AndroidManifest.xml:7:22-68
uses-permission#android.permission.CAMERA
ADDED from src/main/AndroidManifest.xml:8:5-64
MERGED from [:AliyunPusher:pusher_demo] AndroidManifest.xml:15:5-65
MERGED from [:AliyunPusher:pusher_demo] AndroidManifest.xml:15:5-65
MERGED from [:AliyunRecorder:record_demo] AndroidManifest.xml:12:5-65
MERGED from [:AliyunRecorder:record_demo] AndroidManifest.xml:12:5-65
MERGED from [:Alivclive] AndroidManifest.xml:14:5-65
MERGED from [:Alivclive] AndroidManifest.xml:14:5-65
MERGED from [:zxing] AndroidManifest.xml:13:5-65
MERGED from [:zxing] AndroidManifest.xml:13:5-65
	android:name
		ADDED from src/main/AndroidManifest.xml:8:22-62
uses-permission#android.permission.ACCESS_NETWORK_STATE
ADDED from src/main/AndroidManifest.xml:9:5-78
MERGED from [:AliyunPusher:pusher_demo] AndroidManifest.xml:16:5-79
MERGED from [:AliyunPusher:pusher_demo] AndroidManifest.xml:16:5-79
MERGED from [:Aliyunplayer:player_demo] AndroidManifest.xml:11:5-79
MERGED from [:Aliyunplayer:player_demo] AndroidManifest.xml:11:5-79
MERGED from [:AliyunRecorder:record_demo] AndroidManifest.xml:21:5-79
MERGED from [:AliyunRecorder:record_demo] AndroidManifest.xml:21:5-79
MERGED from [:AliyunVodUpload] AndroidManifest.xml:12:5-79
MERGED from [:AliyunVodUpload] AndroidManifest.xml:12:5-79
MERGED from [:Alivclive] AndroidManifest.xml:15:5-79
MERGED from [:Alivclive] AndroidManifest.xml:15:5-79
MERGED from [live-pusher-3.3.5.aar] AndroidManifest.xml:11:5-79
MERGED from [live-pusher-3.3.5.aar] AndroidManifest.xml:11:5-79
MERGED from [com.aliyun.dpa:oss-android-sdk:2.4.5] AndroidManifest.xml:12:5-79
MERGED from [com.aliyun.dpa:oss-android-sdk:2.4.5] AndroidManifest.xml:12:5-79
MERGED from [:Aliyunplayer:AlivcReporter] AndroidManifest.xml:11:5-79
MERGED from [:Aliyunplayer:AlivcReporter] AndroidManifest.xml:11:5-79
	android:name
		ADDED from src/main/AndroidManifest.xml:9:22-76
uses-permission#android.permission.WRITE_EXTERNAL_STORAGE
ADDED from src/main/AndroidManifest.xml:11:5-80
MERGED from [:AliyunPusher:pusher_demo] AndroidManifest.xml:18:5-81
MERGED from [:AliyunPusher:pusher_demo] AndroidManifest.xml:18:5-81
MERGED from [:Aliyunplayer:player_demo] AndroidManifest.xml:14:5-81
MERGED from [:Aliyunplayer:player_demo] AndroidManifest.xml:14:5-81
MERGED from [:AliyunRecorder:record_demo] AndroidManifest.xml:13:5-81
MERGED from [:AliyunRecorder:record_demo] AndroidManifest.xml:13:5-81
MERGED from [:AliyunEditor:editor_demo] AndroidManifest.xml:12:5-81
MERGED from [:AliyunEditor:editor_demo] AndroidManifest.xml:12:5-81
MERGED from [:AliyunFileDownLoader:downloadermanager] AndroidManifest.xml:15:5-81
MERGED from [:AliyunFileDownLoader:downloadermanager] AndroidManifest.xml:15:5-81
MERGED from [:AliyunVodUpload] AndroidManifest.xml:15:5-81
MERGED from [:AliyunVodUpload] AndroidManifest.xml:15:5-81
MERGED from [:Alivclive] AndroidManifest.xml:17:5-81
MERGED from [:Alivclive] AndroidManifest.xml:17:5-81
MERGED from [com.aliyun.dpa:oss-android-sdk:2.4.5] AndroidManifest.xml:14:5-81
MERGED from [com.aliyun.dpa:oss-android-sdk:2.4.5] AndroidManifest.xml:14:5-81
MERGED from [com.squareup.leakcanary:leakcanary-android:1.5] AndroidManifest.xml:26:5-81
MERGED from [com.squareup.leakcanary:leakcanary-android:1.5] AndroidManifest.xml:26:5-81
	android:name
		ADDED from src/main/AndroidManifest.xml:11:22-78
uses-permission#android.permission.MOUNT_UNMOUNT_FILESYSTEMS
ADDED from src/main/AndroidManifest.xml:12:5-83
MERGED from [:AliyunPusher:pusher_demo] AndroidManifest.xml:19:5-84
MERGED from [:AliyunPusher:pusher_demo] AndroidManifest.xml:19:5-84
MERGED from [:AliyunFileDownLoader:downloadermanager] AndroidManifest.xml:13:5-84
MERGED from [:AliyunFileDownLoader:downloadermanager] AndroidManifest.xml:13:5-84
MERGED from [:Alivclive] AndroidManifest.xml:18:5-84
MERGED from [:Alivclive] AndroidManifest.xml:18:5-84
	android:name
		ADDED from src/main/AndroidManifest.xml:12:22-81
uses-permission#android.permission.ACCESS_FINE_LOCATION
ADDED from src/main/AndroidManifest.xml:13:5-78
MERGED from [:AliyunPusher:pusher_demo] AndroidManifest.xml:20:5-79
MERGED from [:AliyunPusher:pusher_demo] AndroidManifest.xml:20:5-79
MERGED from [:Alivclive] AndroidManifest.xml:19:5-79
MERGED from [:Alivclive] AndroidManifest.xml:19:5-79
	android:name
		ADDED from src/main/AndroidManifest.xml:13:22-76
uses-permission#android.permission.GET_TASKS
ADDED from src/main/AndroidManifest.xml:14:5-67
MERGED from [:AliyunPusher:pusher_demo] AndroidManifest.xml:21:5-68
MERGED from [:AliyunPusher:pusher_demo] AndroidManifest.xml:21:5-68
MERGED from [:Alivclive] AndroidManifest.xml:20:5-68
MERGED from [:Alivclive] AndroidManifest.xml:20:5-68
	android:name
		ADDED from src/main/AndroidManifest.xml:14:22-65
uses-permission#android.permission.ACCESS_WIFI_STATE
ADDED from src/main/AndroidManifest.xml:15:5-75
MERGED from [:AliyunPusher:pusher_demo] AndroidManifest.xml:22:5-76
MERGED from [:AliyunPusher:pusher_demo] AndroidManifest.xml:22:5-76
MERGED from [:Aliyunplayer:player_demo] AndroidManifest.xml:12:5-76
MERGED from [:Aliyunplayer:player_demo] AndroidManifest.xml:12:5-76
MERGED from [AliyunVodPlayer-3.4.6.aar] AndroidManifest.xml:11:5-76
MERGED from [AliyunVodPlayer-3.4.6.aar] AndroidManifest.xml:11:5-76
MERGED from [:AliyunVodUpload] AndroidManifest.xml:14:5-76
MERGED from [:AliyunVodUpload] AndroidManifest.xml:14:5-76
MERGED from [:Alivclive] AndroidManifest.xml:21:5-76
MERGED from [:Alivclive] AndroidManifest.xml:21:5-76
MERGED from [live-pusher-3.3.5.aar] AndroidManifest.xml:12:5-76
MERGED from [live-pusher-3.3.5.aar] AndroidManifest.xml:12:5-76
MERGED from [com.aliyun.dpa:oss-android-sdk:2.4.5] AndroidManifest.xml:13:5-76
MERGED from [com.aliyun.dpa:oss-android-sdk:2.4.5] AndroidManifest.xml:13:5-76
MERGED from [:Aliyunplayer:AlivcPlayer] AndroidManifest.xml:11:5-76
MERGED from [:Aliyunplayer:AlivcPlayer] AndroidManifest.xml:11:5-76
	android:name
		ADDED from src/main/AndroidManifest.xml:15:22-73
uses-permission#android.permission.CHANGE_WIFI_STATE
ADDED from src/main/AndroidManifest.xml:16:5-75
MERGED from [:AliyunPusher:pusher_demo] AndroidManifest.xml:23:5-76
MERGED from [:AliyunPusher:pusher_demo] AndroidManifest.xml:23:5-76
MERGED from [AliyunVodPlayer-3.4.6.aar] AndroidManifest.xml:12:5-76
MERGED from [AliyunVodPlayer-3.4.6.aar] AndroidManifest.xml:12:5-76
MERGED from [:AliyunVodUpload] AndroidManifest.xml:16:5-76
MERGED from [:AliyunVodUpload] AndroidManifest.xml:16:5-76
MERGED from [:Alivclive] AndroidManifest.xml:22:5-76
MERGED from [:Alivclive] AndroidManifest.xml:22:5-76
MERGED from [com.aliyun.dpa:oss-android-sdk:2.4.5] AndroidManifest.xml:15:5-76
MERGED from [com.aliyun.dpa:oss-android-sdk:2.4.5] AndroidManifest.xml:15:5-76
	android:name
		ADDED from src/main/AndroidManifest.xml:16:22-73
uses-permission#android.permission.WAKE_LOCK
ADDED from src/main/AndroidManifest.xml:17:5-67
MERGED from [:AliyunPusher:pusher_demo] AndroidManifest.xml:24:5-68
MERGED from [:AliyunPusher:pusher_demo] AndroidManifest.xml:24:5-68
MERGED from [:Aliyunplayer:player_demo] AndroidManifest.xml:15:5-68
MERGED from [:Aliyunplayer:player_demo] AndroidManifest.xml:15:5-68
MERGED from [:Alivclive] AndroidManifest.xml:23:5-68
MERGED from [:Alivclive] AndroidManifest.xml:23:5-68
	android:name
		ADDED from src/main/AndroidManifest.xml:17:22-65
uses-permission#android.permission.MODIFY_AUDIO_SETTINGS
ADDED from src/main/AndroidManifest.xml:18:5-79
MERGED from [:AliyunPusher:pusher_demo] AndroidManifest.xml:25:5-80
MERGED from [:AliyunPusher:pusher_demo] AndroidManifest.xml:25:5-80
MERGED from [:Alivclive] AndroidManifest.xml:24:5-80
MERGED from [:Alivclive] AndroidManifest.xml:24:5-80
MERGED from [live-pusher-3.3.5.aar] AndroidManifest.xml:17:5-80
MERGED from [live-pusher-3.3.5.aar] AndroidManifest.xml:17:5-80
	android:name
		ADDED from src/main/AndroidManifest.xml:18:22-77
uses-permission#android.permission.READ_PHONE_STATE
ADDED from src/main/AndroidManifest.xml:19:5-74
MERGED from [:AliyunPusher:pusher_demo] AndroidManifest.xml:26:5-75
MERGED from [:AliyunPusher:pusher_demo] AndroidManifest.xml:26:5-75
MERGED from [:Aliyunplayer:player_demo] AndroidManifest.xml:16:5-75
MERGED from [:Aliyunplayer:player_demo] AndroidManifest.xml:16:5-75
MERGED from [:AliyunVodUpload] AndroidManifest.xml:13:5-75
MERGED from [:AliyunVodUpload] AndroidManifest.xml:13:5-75
MERGED from [:Alivclive] AndroidManifest.xml:25:5-75
MERGED from [:Alivclive] AndroidManifest.xml:25:5-75
MERGED from [live-pusher-3.3.5.aar] AndroidManifest.xml:14:5-75
MERGED from [live-pusher-3.3.5.aar] AndroidManifest.xml:14:5-75
	android:name
		ADDED from src/main/AndroidManifest.xml:19:22-72
uses-permission#android.permission.RECEIVE_BOOT_COMPLETED
ADDED from src/main/AndroidManifest.xml:20:5-80
MERGED from [:AliyunPusher:pusher_demo] AndroidManifest.xml:27:5-81
MERGED from [:AliyunPusher:pusher_demo] AndroidManifest.xml:27:5-81
MERGED from [:Alivclive] AndroidManifest.xml:26:5-81
MERGED from [:Alivclive] AndroidManifest.xml:26:5-81
	android:name
		ADDED from src/main/AndroidManifest.xml:20:22-78
uses-permission#android.permission.READ_EXTERNAL_STORAGE
ADDED from src/main/AndroidManifest.xml:21:5-79
MERGED from [:AliyunPusher:pusher_demo] AndroidManifest.xml:28:5-80
MERGED from [:AliyunPusher:pusher_demo] AndroidManifest.xml:28:5-80
MERGED from [:Aliyunplayer:player_demo] AndroidManifest.xml:18:5-80
MERGED from [:Aliyunplayer:player_demo] AndroidManifest.xml:18:5-80
MERGED from [:AliyunEditor:editor_demo] AndroidManifest.xml:13:5-80
MERGED from [:AliyunEditor:editor_demo] AndroidManifest.xml:13:5-80
MERGED from [:AliyunFileDownLoader:downloadermanager] AndroidManifest.xml:17:5-80
MERGED from [:AliyunFileDownLoader:downloadermanager] AndroidManifest.xml:17:5-80
MERGED from [:Alivclive] AndroidManifest.xml:27:5-80
MERGED from [:Alivclive] AndroidManifest.xml:27:5-80
MERGED from [com.squareup.leakcanary:leakcanary-android:1.5] AndroidManifest.xml:25:5-80
MERGED from [com.squareup.leakcanary:leakcanary-android:1.5] AndroidManifest.xml:25:5-80
	android:name
		ADDED from src/main/AndroidManifest.xml:21:22-77
uses-permission#android.permission.BLUETOOTH
ADDED from src/main/AndroidManifest.xml:22:5-68
MERGED from [:AliyunPusher:pusher_demo] AndroidManifest.xml:29:5-68
MERGED from [:AliyunPusher:pusher_demo] AndroidManifest.xml:29:5-68
MERGED from [:Alivclive] AndroidManifest.xml:28:5-68
MERGED from [:Alivclive] AndroidManifest.xml:28:5-68
MERGED from [live-pusher-3.3.5.aar] AndroidManifest.xml:13:5-68
MERGED from [live-pusher-3.3.5.aar] AndroidManifest.xml:13:5-68
	android:name
		ADDED from src/main/AndroidManifest.xml:22:22-65
uses-permission#android.permission.SYSTEM_ALERT_WINDOW
ADDED from src/main/AndroidManifest.xml:23:5-78
MERGED from [:AliyunPusher:pusher_demo] AndroidManifest.xml:30:5-78
MERGED from [:AliyunPusher:pusher_demo] AndroidManifest.xml:30:5-78
MERGED from [:Alivclive] AndroidManifest.xml:29:5-78
MERGED from [:Alivclive] AndroidManifest.xml:29:5-78
MERGED from [live-pusher-3.3.5.aar] AndroidManifest.xml:15:5-78
MERGED from [live-pusher-3.3.5.aar] AndroidManifest.xml:15:5-78
	android:name
		ADDED from src/main/AndroidManifest.xml:23:22-75
application
ADDED from src/main/AndroidManifest.xml:25:5-56:19
MERGED from [:AliyunPusher:pusher_demo] AndroidManifest.xml:32:5-115:19
MERGED from [:AliyunPusher:pusher_demo] AndroidManifest.xml:32:5-115:19
MERGED from [:Aliyunplayer:player_demo] AndroidManifest.xml:20:5-39:19
MERGED from [:Aliyunplayer:player_demo] AndroidManifest.xml:20:5-39:19
MERGED from [:AliyunRecorder:record_demo] AndroidManifest.xml:23:5-70:19
MERGED from [:AliyunRecorder:record_demo] AndroidManifest.xml:23:5-70:19
MERGED from [:AliyunEditor:editor_demo] AndroidManifest.xml:15:5-103:19
MERGED from [:AliyunEditor:editor_demo] AndroidManifest.xml:15:5-103:19
MERGED from [:AliyunImport:import_demo] AndroidManifest.xml:11:5-30:19
MERGED from [:AliyunImport:import_demo] AndroidManifest.xml:11:5-30:19
MERGED from [:AliyunCrop:crop_demo] AndroidManifest.xml:12:5-46:19
MERGED from [:AliyunCrop:crop_demo] AndroidManifest.xml:12:5-46:19
MERGED from [:AliyunFileDownLoader:downloadermanager] AndroidManifest.xml:19:5-23:19
MERGED from [:AliyunFileDownLoader:downloadermanager] AndroidManifest.xml:19:5-23:19
MERGED from [:AliyunView] AndroidManifest.xml:11:5-14:19
MERGED from [:AliyunView] AndroidManifest.xml:11:5-14:19
MERGED from [:AliyunHelp] AndroidManifest.xml:11:5-27:19
MERGED from [:AliyunHelp] AndroidManifest.xml:11:5-27:19
MERGED from [:AliyunResample] AndroidManifest.xml:11:5-15:19
MERGED from [:AliyunResample] AndroidManifest.xml:11:5-15:19
MERGED from [:AliyunVodUpload] AndroidManifest.xml:18:5-51:19
MERGED from [:AliyunVodUpload] AndroidManifest.xml:18:5-51:19
MERGED from [:Alivclive] AndroidManifest.xml:31:5-70:19
MERGED from [:Alivclive] AndroidManifest.xml:31:5-70:19
MERGED from [hipraiseanimationlib.aar] AndroidManifest.xml:11:5-15:19
MERGED from [hipraiseanimationlib.aar] AndroidManifest.xml:11:5-15:19
MERGED from [:zxing] AndroidManifest.xml:17:5-25:19
MERGED from [:zxing] AndroidManifest.xml:17:5-25:19
MERGED from [pub.devrel:easypermissions:0.2.1] AndroidManifest.xml:12:5-20
MERGED from [pub.devrel:easypermissions:0.2.1] AndroidManifest.xml:12:5-20
MERGED from [com.android.support:design:24.2.1] AndroidManifest.xml:22:5-20
MERGED from [com.android.support:design:24.2.1] AndroidManifest.xml:22:5-20
MERGED from [com.android.support:appcompat-v7:26.1.0] AndroidManifest.xml:25:5-29:19
MERGED from [com.android.support:appcompat-v7:26.1.0] AndroidManifest.xml:25:5-29:19
MERGED from [com.android.support:support-v13:23.4.0] AndroidManifest.xml:22:5-20
MERGED from [com.android.support:support-v13:23.4.0] AndroidManifest.xml:22:5-20
MERGED from [com.android.support:support-v4:26.1.0] AndroidManifest.xml:25:5-29:19
MERGED from [com.android.support:support-v4:26.1.0] AndroidManifest.xml:25:5-29:19
MERGED from [com.android.support:recyclerview-v7:26.1.0] AndroidManifest.xml:22:5-26:19
MERGED from [com.android.support:recyclerview-v7:26.1.0] AndroidManifest.xml:22:5-26:19
MERGED from [com.aliyun.dpa:oss-android-sdk:2.4.5] AndroidManifest.xml:17:5-20:19
MERGED from [com.aliyun.dpa:oss-android-sdk:2.4.5] AndroidManifest.xml:17:5-20:19
MERGED from [com.squareup.leakcanary:leakcanary-android:1.5] AndroidManifest.xml:28:5-57:19
MERGED from [com.squareup.leakcanary:leakcanary-android:1.5] AndroidManifest.xml:28:5-57:19
MERGED from [:Aliyunplayer:AlivcReporter] AndroidManifest.xml:14:5-15:19
MERGED from [:Aliyunplayer:AlivcReporter] AndroidManifest.xml:14:5-15:19
MERGED from [com.aiyaapp.aavt:aavt:v4.0.8] AndroidManifest.xml:11:5-15:19
MERGED from [com.aiyaapp.aavt:aavt:v4.0.8] AndroidManifest.xml:11:5-15:19
MERGED from [com.aiyaapp.aiya:AyCore:v4.0.8] AndroidManifest.xml:11:5-15:19
MERGED from [com.aiyaapp.aiya:AyCore:v4.0.8] AndroidManifest.xml:11:5-15:19
MERGED from [com.aiyaapp.aiya:AyEffect:v4.0.8] AndroidManifest.xml:11:5-15:19
MERGED from [com.aiyaapp.aiya:AyEffect:v4.0.8] AndroidManifest.xml:11:5-15:19
MERGED from [com.aiyaapp.aiya:AyFaceTrack:v4.0.8] AndroidManifest.xml:11:5-15:19
MERGED from [com.aiyaapp.aiya:AyFaceTrack:v4.0.8] AndroidManifest.xml:11:5-15:19
MERGED from [com.aiyaapp.aiya:AyShortVideoEffect:v4.0.8] AndroidManifest.xml:11:5-15:19
MERGED from [com.aiyaapp.aiya:AyShortVideoEffect:v4.0.8] AndroidManifest.xml:11:5-15:19
MERGED from [:AliyunVideoSdk] AndroidManifest.xml:11:5-16:19
MERGED from [:AliyunVideoSdk] AndroidManifest.xml:11:5-16:19
MERGED from [com.github.bumptech.glide:okhttp3-integration:1.4.0] AndroidManifest.xml:11:5-15:19
MERGED from [com.github.bumptech.glide:okhttp3-integration:1.4.0] AndroidManifest.xml:11:5-15:19
MERGED from [com.liulishuo.filedownloader:library:1.4.1] AndroidManifest.xml:11:5-16:19
MERGED from [com.liulishuo.filedownloader:library:1.4.1] AndroidManifest.xml:11:5-16:19
MERGED from [com.android.support:animated-vector-drawable:26.1.0] AndroidManifest.xml:22:5-26:19
MERGED from [com.android.support:animated-vector-drawable:26.1.0] AndroidManifest.xml:22:5-26:19
MERGED from [com.android.support:support-vector-drawable:26.1.0] AndroidManifest.xml:22:5-26:19
MERGED from [com.android.support:support-vector-drawable:26.1.0] AndroidManifest.xml:22:5-26:19
MERGED from [com.android.support:support-fragment:26.1.0] AndroidManifest.xml:25:5-29:19
MERGED from [com.android.support:support-fragment:26.1.0] AndroidManifest.xml:25:5-29:19
MERGED from [com.android.support:support-core-ui:26.1.0] AndroidManifest.xml:25:5-29:19
MERGED from [com.android.support:support-core-ui:26.1.0] AndroidManifest.xml:25:5-29:19
MERGED from [com.android.support:support-media-compat:26.1.0] AndroidManifest.xml:25:5-29:19
MERGED from [com.android.support:support-media-compat:26.1.0] AndroidManifest.xml:25:5-29:19
MERGED from [com.android.support:support-core-utils:26.1.0] AndroidManifest.xml:25:5-29:19
MERGED from [com.android.support:support-core-utils:26.1.0] AndroidManifest.xml:25:5-29:19
MERGED from [com.android.support:support-compat:26.1.0] AndroidManifest.xml:25:5-29:19
MERGED from [com.android.support:support-compat:26.1.0] AndroidManifest.xml:25:5-29:19
MERGED from [android.arch.lifecycle:runtime:1.0.0] AndroidManifest.xml:24:5-28:19
MERGED from [android.arch.lifecycle:runtime:1.0.0] AndroidManifest.xml:24:5-28:19
	android:supportsRtl
		ADDED from src/main/AndroidManifest.xml:30:9-35
	android:label
		ADDED from src/main/AndroidManifest.xml:29:9-41
	android:icon
		ADDED from src/main/AndroidManifest.xml:28:9-43
	android:allowBackup
		ADDED from src/main/AndroidManifest.xml:27:9-35
	android:theme
		ADDED from src/main/AndroidManifest.xml:31:9-40
	android:name
		ADDED from src/main/AndroidManifest.xml:26:9-64
activity#com.aliyun.alivcsolution.SplashActivity
ADDED from src/main/AndroidManifest.xml:33:9-42:20
	android:screenOrientation
		ADDED from src/main/AndroidManifest.xml:34:13-49
	android:windowSoftInputMode
		ADDED from src/main/AndroidManifest.xml:36:13-64
	android:configChanges
		ADDED from src/main/AndroidManifest.xml:35:13-48
	android:name
		ADDED from src/main/AndroidManifest.xml:33:19-49
intent-filter#android.intent.action.MAIN+android.intent.category.LAUNCHER
ADDED from src/main/AndroidManifest.xml:37:13-41:29
action#android.intent.action.MAIN
ADDED from src/main/AndroidManifest.xml:38:17-69
	android:name
		ADDED from src/main/AndroidManifest.xml:38:25-66
category#android.intent.category.LAUNCHER
ADDED from src/main/AndroidManifest.xml:40:17-77
	android:name
		ADDED from src/main/AndroidManifest.xml:40:27-74
activity#com.aliyun.alivcsolution.MainActivity
ADDED from src/main/AndroidManifest.xml:44:9-51:20
	android:screenOrientation
		ADDED from src/main/AndroidManifest.xml:46:13-49
	android:launchMode
		ADDED from src/main/AndroidManifest.xml:46:50-80
	android:theme
		ADDED from src/main/AndroidManifest.xml:45:13-63
	android:name
		ADDED from src/main/AndroidManifest.xml:44:19-71
intent-filter#android.intent.category.DEFAULT+com.aliyun.alivcsolution.main
ADDED from src/main/AndroidManifest.xml:47:13-50:29
action#com.aliyun.alivcsolution.main
ADDED from src/main/AndroidManifest.xml:48:17-71
	android:name
		ADDED from src/main/AndroidManifest.xml:48:25-69
category#android.intent.category.DEFAULT
ADDED from src/main/AndroidManifest.xml:49:17-75
	android:name
		ADDED from src/main/AndroidManifest.xml:49:27-73
activity#com.aliyun.alivcsolution.DemoActivity
ADDED from src/main/AndroidManifest.xml:53:9-55:20
	android:screenOrientation
		ADDED from src/main/AndroidManifest.xml:54:13-49
	android:launchMode
		ADDED from src/main/AndroidManifest.xml:54:50-80
	android:name
		ADDED from src/main/AndroidManifest.xml:53:19-71
uses-sdk
INJECTED from src/main/AndroidManifest.xml reason: use-sdk injection requested
INJECTED from src/main/AndroidManifest.xml
INJECTED from src/main/AndroidManifest.xml
MERGED from [:AliyunPusher:pusher_demo] AndroidManifest.xml:8:5-10:41
MERGED from [:AliyunPusher:pusher_demo] AndroidManifest.xml:8:5-10:41
MERGED from [:Aliyunplayer:player_demo] AndroidManifest.xml:7:5-9:41
MERGED from [:Aliyunplayer:player_demo] AndroidManifest.xml:7:5-9:41
MERGED from [AliyunVodPlayer-3.4.6.aar] AndroidManifest.xml:7:5-9:41
MERGED from [AliyunVodPlayer-3.4.6.aar] AndroidManifest.xml:7:5-9:41
MERGED from [:AliyunRecorder:record_demo] AndroidManifest.xml:8:5-10:41
MERGED from [:AliyunRecorder:record_demo] AndroidManifest.xml:8:5-10:41
MERGED from [:AliyunEditor:editor_demo] AndroidManifest.xml:7:5-9:41
MERGED from [:AliyunEditor:editor_demo] AndroidManifest.xml:7:5-9:41
MERGED from [:AliyunImport:import_demo] AndroidManifest.xml:7:5-9:41
MERGED from [:AliyunImport:import_demo] AndroidManifest.xml:7:5-9:41
MERGED from [:AliyunCrop:crop_demo] AndroidManifest.xml:8:5-10:41
MERGED from [:AliyunCrop:crop_demo] AndroidManifest.xml:8:5-10:41
MERGED from [:AliyunFileDownLoader:downloadermanager] AndroidManifest.xml:7:5-9:41
MERGED from [:AliyunFileDownLoader:downloadermanager] AndroidManifest.xml:7:5-9:41
MERGED from [:AliyunView] AndroidManifest.xml:7:5-9:41
MERGED from [:AliyunView] AndroidManifest.xml:7:5-9:41
MERGED from [:AliyunHelp] AndroidManifest.xml:7:5-9:41
MERGED from [:AliyunHelp] AndroidManifest.xml:7:5-9:41
MERGED from [:AliyunResample] AndroidManifest.xml:7:5-9:41
MERGED from [:AliyunResample] AndroidManifest.xml:7:5-9:41
MERGED from [:AliyunVodUpload] AndroidManifest.xml:7:5-9:41
MERGED from [:AliyunVodUpload] AndroidManifest.xml:7:5-9:41
MERGED from [:Alivclive] AndroidManifest.xml:7:5-9:41
MERGED from [:Alivclive] AndroidManifest.xml:7:5-9:41
MERGED from [hipraiseanimationlib.aar] AndroidManifest.xml:7:5-9:41
MERGED from [hipraiseanimationlib.aar] AndroidManifest.xml:7:5-9:41
MERGED from [interactive-liveroom-1.0.0.aar] AndroidManifest.xml:8:5-10:41
MERGED from [interactive-liveroom-1.0.0.aar] AndroidManifest.xml:8:5-10:41
MERGED from [com.android.support:multidex:1.0.2] AndroidManifest.xml:20:5-43
MERGED from [com.android.support:multidex:1.0.2] AndroidManifest.xml:20:5-43
MERGED from [:AliyunPusher:pusher_core] AndroidManifest.xml:7:5-9:41
MERGED from [:AliyunPusher:pusher_core] AndroidManifest.xml:7:5-9:41
MERGED from [live-face-beauty-3.3.5.aar] AndroidManifest.xml:7:5-9:41
MERGED from [live-face-beauty-3.3.5.aar] AndroidManifest.xml:7:5-9:41
MERGED from [live-pusher-3.3.5.aar] AndroidManifest.xml:7:5-9:41
MERGED from [live-pusher-3.3.5.aar] AndroidManifest.xml:7:5-9:41
MERGED from [:zxing] AndroidManifest.xml:7:5-9:41
MERGED from [:zxing] AndroidManifest.xml:7:5-9:41
MERGED from [pub.devrel:easypermissions:0.2.1] AndroidManifest.xml:8:5-10:41
MERGED from [pub.devrel:easypermissions:0.2.1] AndroidManifest.xml:8:5-10:41
MERGED from [com.android.support:design:24.2.1] AndroidManifest.xml:20:5-43
MERGED from [com.android.support:design:24.2.1] AndroidManifest.xml:20:5-43
MERGED from [com.android.support:appcompat-v7:26.1.0] AndroidManifest.xml:21:5-23:78